[debug] [2018-07-31T21:59:58.215Z] ----------------------------------------------------------------------
[debug] [2018-07-31T21:59:58.218Z] Command:       /usr/bin/node /usr/bin/firebase serve
[debug] [2018-07-31T21:59:58.218Z] CLI Version:   4.0.1
[debug] [2018-07-31T21:59:58.218Z] Platform:      linux
[debug] [2018-07-31T21:59:58.219Z] Node Version:  v6.14.3
[debug] [2018-07-31T21:59:58.219Z] Time:          Tue Jul 31 2018 17:59:58 GMT-0400 (-04)
[debug] [2018-07-31T21:59:58.219Z] ----------------------------------------------------------------------
[debug] 
[debug] [2018-07-31T21:59:58.229Z] > command requires scopes: ["email","openid","https://www.googleapis.com/auth/cloudplatformprojects.readonly","https://www.googleapis.com/auth/firebase","https://www.googleapis.com/auth/cloud-platform"]
[debug] [2018-07-31T21:59:58.230Z] > authorizing via signed-in user
[debug] [2018-07-31T21:59:58.232Z] >>> HTTP REQUEST GET https://admin.firebase.com/v1/projects/scl-2018-01-proyectofinal  
  
 Tue Jul 31 2018 17:59:58 GMT-0400 (-04)
[debug] [2018-07-31T21:59:59.165Z] <<< HTTP RESPONSE 200
[debug] [2018-07-31T21:59:59.170Z] >>> HTTP REQUEST GET https://admin.firebase.com/v1/database/scl-2018-01-proyectofinal/tokens  
  
 Tue Jul 31 2018 17:59:59 GMT-0400 (-04)
[debug] [2018-07-31T21:59:59.876Z] <<< HTTP RESPONSE 200
[debug] [2018-07-31T21:59:59.879Z] >>> HTTP REQUEST GET https://cloudresourcemanager.googleapis.com/v1/projects/scl-2018-01-proyectofinal  
  
 Tue Jul 31 2018 17:59:59 GMT-0400 (-04)
[debug] [2018-07-31T22:00:00.966Z] <<< HTTP RESPONSE 200
[info] 
[info] === Serving from '/home/laboratoria/Documents/Proyectos-SofiaM/scl-2018-01-ProyectoFinalCore'...
[info] 
[info] i  functions: Preparing to emulate functions.
[debug] [2018-07-31T22:00:03.015Z] Fetching environment
[debug] [2018-07-31T22:00:03.017Z] >>> HTTP REQUEST GET https://mobilesdk-pa.googleapis.com/v1/projects/153325937655:getServerAppConfig  
  
 Tue Jul 31 2018 18:00:03 GMT-0400 (-04)
[debug] [2018-07-31T22:00:03.017Z] >>> HTTP REQUEST GET https://mobilesdk-pa.googleapis.com/v1/projects/153325937655/clients/_:getWebAppConfig  
  
 Tue Jul 31 2018 18:00:03 GMT-0400 (-04)
[debug] [2018-07-31T22:00:03.437Z] <<< HTTP RESPONSE 200
[debug] [2018-07-31T22:00:03.438Z] Starting @google-cloud/functions-emulator
[debug] [2018-07-31T22:00:03.464Z] <<< HTTP RESPONSE 200
[info] i  hosting: Serving hosting files from: public
[info] ✔  hosting: Local server: http://localhost:5000

[debug] [2018-07-31T22:00:05.988Z] Parsing function triggers
[info] i  functions: No HTTPS functions found. Use firebase functions:shell if you would like to emulate other types of functions.
